<?xml version="1.0" encoding="UTF-8"?>
<!-- Generated by org.testng.reporters.JUnitReportReporter -->
<testsuite hostname="SupriyaS-PC" failures="0" tests="4" name="com.cmr.testcases.ContactPageTest" time="100.375" errors="0" timestamp="2023-01-24T16:40:05 IST" skipped="0">
  <testcase classname="com.cmr.testcases.ContactPageTest" name="CreateContact" time="26.455"/>
  <system-out/>
  <testcase classname="com.cmr.testcases.ContactPageTest" name="CreateContact" time="24.689"/>
  <system-out/>
  <testcase classname="com.cmr.testcases.ContactPageTest" name="CreateContact" time="25.876"/>
  <system-out/>
  <testcase classname="com.cmr.testcases.ContactPageTest" name="ValidateContactLabelTest" time="23.355"/>
  <system-out/>
</testsuite> <!-- com.cmr.testcases.ContactPageTest -->
