<?xml version="1.0" encoding="UTF-8"?>
<!-- Generated by org.testng.reporters.JUnitReportReporter -->
<testsuite hostname="SupriyaS-PC" failures="0" tests="3" name="com.cmr.testcases.loginPageTest" time="40.374" errors="0" timestamp="2023-01-26T22:44:56 IST" skipped="0">
  <testcase classname="com.cmr.testcases.loginPageTest" name="loginPageTitle" time="9.074"/>
  <system-out/>
  <testcase classname="com.cmr.testcases.loginPageTest" name="logo" time="8.747"/>
  <system-out/>
  <testcase classname="com.cmr.testcases.loginPageTest" name="Validatelogin" time="22.553"/>
  <system-out/>
</testsuite> <!-- com.cmr.testcases.loginPageTest -->
