<?xml version="1.0" encoding="UTF-8"?>
<!-- Generated by org.testng.reporters.JUnitReportReporter -->
<testsuite hostname="SupriyaS-PC" failures="0" tests="3" name="com.cmr.testcases.homePageTest" time="64.598" errors="0" timestamp="2023-01-24T16:40:05 IST" skipped="0">
  <testcase classname="com.cmr.testcases.homePageTest" name="HomePageTitle" time="16.098"/>
  <system-out/>
  <testcase classname="com.cmr.testcases.homePageTest" name="CorrectUserName" time="20.085"/>
  <system-out/>
  <testcase classname="com.cmr.testcases.homePageTest" name="ContactUserlink" time="28.415"/>
  <system-out/>
</testsuite> <!-- com.cmr.testcases.homePageTest -->
